2022-12-28T06:13:24+00:00 INFO Doing Task:set_settings
2022-12-28T06:13:24+00:00 INFO Task Done:set_settings
2022-12-28T06:13:24+00:00 INFO Doing Task:create_default_lists
2022-12-28T06:13:24+00:00 INFO Task Done:create_default_lists
2022-12-28T06:13:24+00:00 INFO Doing Task:create_contacts_and_add_to_list
2022-12-28T06:13:24+00:00 INFO Task Done:create_contacts_and_add_to_list
2022-12-28T06:13:24+00:00 INFO Doing Task:add_default_workflows
2022-12-28T06:13:24+00:00 INFO Task Done:add_default_workflows
2022-12-28T06:13:24+00:00 INFO Doing Task:create_default_newsletter_broadcast
2022-12-28T06:13:24+00:00 INFO Task Done:create_default_newsletter_broadcast
2022-12-28T06:13:24+00:00 INFO Doing Task:create_default_post_notification
2022-12-28T06:13:24+00:00 INFO Task Done:create_default_post_notification
2022-12-28T06:13:24+00:00 INFO Doing Task:create_default_subscription_form
2022-12-28T06:13:24+00:00 INFO Task Done:create_default_subscription_form
2022-12-28T06:13:24+00:00 INFO Doing Task:add_widget_to_sidebar
2022-12-28T06:13:24+00:00 INFO Task Failed:add_widget_to_sidebar
2022-12-28T06:13:25+00:00 INFO Doing Task:queue_default_broadcast_newsletter
2022-12-28T06:13:25+00:00 INFO Task Done:queue_default_broadcast_newsletter
2022-12-28T06:13:26+00:00 INFO Doing Task:dispatch_emails_from_server
2022-12-28T06:13:29+00:00 INFO Task Done:dispatch_emails_from_server
2022-12-28T06:13:40+00:00 INFO Doing Task:check_test_email_on_server
2022-12-28T06:13:41+00:00 INFO Task Done:check_test_email_on_server
2022-12-28T06:13:42+00:00 INFO Doing Task:evaluate_email_delivery
2022-12-28T06:13:42+00:00 INFO Task Done:evaluate_email_delivery
